0 info it worked if it ends with ok
1 verbose cli [ '/usr/bin/nodejs',
1 verbose cli   '/usr/lib/node_modules/npm/bin/npm-cli.js',
1 verbose cli   'run',
1 verbose cli   'build' ]
2 info using npm@3.10.10
3 info using node@v6.9.5
4 verbose run-script [ 'prebuild', 'build', 'postbuild' ]
5 info lifecycle todo-list@1.0.0~prebuild: todo-list@1.0.0
6 silly lifecycle todo-list@1.0.0~prebuild: no script for prebuild, continuing
7 info lifecycle todo-list@1.0.0~build: todo-list@1.0.0
8 verbose lifecycle todo-list@1.0.0~build: unsafe-perm in lifecycle true
9 verbose lifecycle todo-list@1.0.0~build: PATH: /usr/lib/node_modules/npm/bin/node-gyp-bin:/home/olgabudova/projects/ToDo-list/node_modules/.bin:/home/olgabudova/bin:/home/olgabudova/.local/bin:/usr/local/sbin:/usr/local/bin:/usr/sbin:/usr/bin:/sbin:/bin:/usr/games:/usr/local/games
10 verbose lifecycle todo-list@1.0.0~build: CWD: /home/olgabudova/projects/ToDo-list
11 silly lifecycle todo-list@1.0.0~build: Args: [ '-c', 'babel src/js -d dist/js --presets es2015' ]
12 silly lifecycle todo-list@1.0.0~build: Returned: code: 1  signal: null
13 info lifecycle todo-list@1.0.0~build: Failed to exec build script
14 verbose stack Error: todo-list@1.0.0 build: `babel src/js -d dist/js --presets es2015`
14 verbose stack Exit status 1
14 verbose stack     at EventEmitter.<anonymous> (/usr/lib/node_modules/npm/lib/utils/lifecycle.js:255:16)
14 verbose stack     at emitTwo (events.js:106:13)
14 verbose stack     at EventEmitter.emit (events.js:191:7)
14 verbose stack     at ChildProcess.<anonymous> (/usr/lib/node_modules/npm/lib/utils/spawn.js:40:14)
14 verbose stack     at emitTwo (events.js:106:13)
14 verbose stack     at ChildProcess.emit (events.js:191:7)
14 verbose stack     at maybeClose (internal/child_process.js:877:16)
14 verbose stack     at Process.ChildProcess._handle.onexit (internal/child_process.js:226:5)
15 verbose pkgid todo-list@1.0.0
16 verbose cwd /home/olgabudova/projects/ToDo-list
17 error Linux 4.4.0-53-generic
18 error argv "/usr/bin/nodejs" "/usr/lib/node_modules/npm/bin/npm-cli.js" "run" "build"
19 error node v6.9.5
20 error npm  v3.10.10
21 error code ELIFECYCLE
22 error todo-list@1.0.0 build: `babel src/js -d dist/js --presets es2015`
22 error Exit status 1
23 error Failed at the todo-list@1.0.0 build script 'babel src/js -d dist/js --presets es2015'.
23 error Make sure you have the latest version of node.js and npm installed.
23 error If you do, this is most likely a problem with the todo-list package,
23 error not with npm itself.
23 error Tell the author that this fails on your system:
23 error     babel src/js -d dist/js --presets es2015
23 error You can get information on how to open an issue for this project with:
23 error     npm bugs todo-list
23 error Or if that isn't available, you can get their info via:
23 error     npm owner ls todo-list
23 error There is likely additional logging output above.
24 verbose exit [ 1, true ]
